This is pdfTeX, Version 3.14159265-2.6-1.40.20 (MiKTeX 2.9.7250 64-bit) (preloaded format=pdflatex 2019.12.6)  6 DEC 2019 02:19
entering extended mode
**tex
("C:\Program Files\MiKTeX 2.9\tex/latex/tools\h.tex"
LaTeX2e <2019-10-01> patch level 3

! The file name provided could not be found.
Use `<enter>' to continue processing,
`S' to scroll future errors
`R' to run without stopping,
`Q' to run quietly,
or `X' to terminate TeX
! .
l.45 \errmessage{}
                  
? R
OK, entering \nonstopmode...
)
! Emergency stop.
<*> tex
       
*** (job aborted, no legal \end found)

 
Here is how much of TeX's memory you used:
 9 strings out of 492484
 198 string characters out of 3131051
 58803 words of memory out of 3000000
 4452 multiletter control sequences out of 15000+200000
 3640 words of font info for 14 fonts, out of 3000000 for 9000
 1141 hyphenation exceptions out of 8191
 5i,0n,1p,84b,8s stack positions out of 5000i,500n,10000p,200000b,50000s
!  ==> Fatal error occurred, no output PDF file produced!
